2020-Dec-04 21:57:38 Наличие необходимых модулей php (check_php_modules): Ok
Все необходимые модули установлены
2020-Dec-04 21:57:39 Обязательные параметры PHP (check_php_settings): Ok
Настройки правильные
2020-Dec-04 21:57:39 Модули веб-сервера (check_security): Ok
Конфликтов не выявлено
2020-Dec-04 21:57:39 Значения переменных сервера (check_server_vars): Ok
Корректные
2020-Dec-04 21:57:39 Сохранение сессии (check_session): Ok
50% done
2020-Dec-04 21:57:40 Сохранение сессии (check_session): Ok
Успешно
2020-Dec-04 21:57:40 Параметры настройки UTF (mbstring и константа BX_UTF) (check_mbstring): Ok
Правильные. Сайт работает в UTF кодировке
2020-Dec-04 21:57:40 Служебные скрипты в корне сайта (check_install_scripts): Ok
Отсутствуют
2020-Dec-04 21:57:40 Работа с сокетами (check_socket): Ok
Connection to localhost:80	Success

Успешно
2020-Dec-04 21:57:40 Выполнение агентов на cron (check_bx_crontab): Warning
Замечание. Агенты выполняются на хитах, рекомендуется перевести выполнение агентов на cron
2020-Dec-04 21:57:41 Параметры подключения к базе данных (check_dbconn_settings): Ok
Успешно
2020-Dec-04 21:57:41 Лишний вывод в файлах конфигурации (check_dbconn): Ok
Connection to localhost:80	Success

Успешно
2020-Dec-04 21:57:41 Сохранение сессии без UserAgent (check_session_ua): Ok
50% done
Connection to localhost:80	Success

2020-Dec-04 21:57:42 Сохранение сессии без UserAgent (check_session_ua): Ok
Connection to localhost:80	Success

Успешно
2020-Dec-04 21:57:42 Настройки сайтов (check_sites): Ok
Правильные
2020-Dec-04 21:57:42 Передача объектов по ссылке (check_clone): Ok
Успешно
2020-Dec-04 21:57:42 Размер стека и pcre.recursion_limit (check_pcre_recursion): Warning
Connection to localhost:80	Success

Замечание. Возможны проблемы в работе с длинными строками из-за системных ограничений
2020-Dec-04 21:57:43 Загрузка файла (check_upload): Ok
Connection to localhost:80	Success

Успешно
2020-Dec-04 21:57:43 Загрузка файла больше 4Мб (check_upload_big): Ok
Connection to localhost:80	Success

Успешно
2020-Dec-04 21:57:43 Загрузка файла через php://input (check_upload_raw): Ok
Connection to localhost:80	Success

Успешно
2020-Dec-04 21:57:43 Передача POST запроса с большим числом параметров (check_post): Ok
Connection to localhost:80	Success

Успешно
2020-Dec-04 21:57:44 Отправка почты (check_mail): Ok
Успешно
2020-Dec-04 21:57:44 Отправка почтового сообщения больше 64Кб (check_mail_big): Ok
Успешно
2020-Dec-04 21:57:44 Проверка на наличие неотправленных сообщений (check_mail_b_event): Ok
Успешно
2020-Dec-04 21:57:44 Внутреннее перенаправление (функция LocalRedirect) (check_localredirect): Ok
50% done
Connection to localhost:80	Success

2020-Dec-04 21:57:45 Внутреннее перенаправление (функция LocalRedirect) (check_localredirect): Ok
Connection to localhost:80	Success

Успешно
2020-Dec-04 21:57:45 Фактическое ограничение памяти (check_memory_limit): Ok
20% done
Connection to localhost:80	Success

2020-Dec-04 21:57:45 Фактическое ограничение памяти (check_memory_limit): Ok
40% done
Connection to localhost:80	Success

2020-Dec-04 21:57:45 Фактическое ограничение памяти (check_memory_limit): Ok
60% done
Connection to localhost:80	Success

2020-Dec-04 21:57:46 Фактическое ограничение памяти (check_memory_limit): Ok
80% done
Connection to localhost:80	Success

2020-Dec-04 21:57:46 Фактическое ограничение памяти (check_memory_limit): Ok
Connection to localhost:80	Success

Не менее 256 М
2020-Dec-04 21:57:46 Работа с файлами кеша (check_cache): Ok
Успешно
2020-Dec-04 21:57:47 Доступ к серверу обновлений (check_update): Ok
Успешно
2020-Dec-04 21:57:47 HTTP авторизация (check_http_auth): Ok
Connection to localhost:80	Success

Успешно
2020-Dec-04 21:57:47 Создание и запуск файла (check_exec): Ok
Connection to localhost:80	Success

Успешно
2020-Dec-04 21:57:48 Функция getimagesize для swf (check_getimagesize): Ok
Успешно
2020-Dec-04 21:57:48 Версия MySQL-сервера (check_mysql_bug_version): Ok
Успешно
2020-Dec-04 21:57:49 Время на БД и веб-сервере (check_mysql_time): Ok
Успешно
2020-Dec-04 21:57:49 Режим работы MySQL (check_mysql_mode): Ok
Успешно
2020-Dec-04 21:57:49 Кодировка соединения (check_mysql_connection_charset): Ok
character_set_connection=utf8, collation_connection=utf8_unicode_ci, character_set_results=utf8
Успешно
2020-Dec-04 21:57:49 Кодировка базы данных (check_mysql_db_charset): Ok
CHARSET=utf8, COLLATION=utf8_unicode_ci
Успешно
2020-Dec-04 21:57:54 Кодировки таблиц в БД (check_mysql_table_charset): Ok
Успешно
2020-Dec-04 21:57:55 Структура базы данных (check_mysql_table_structure): Ok
0% done
2020-Dec-04 21:57:56 Структура базы данных (check_mysql_table_structure): Ok
4% done
2020-Dec-04 21:58:06 Структура базы данных (check_mysql_table_structure): Ok
8% done
2020-Dec-04 21:58:09 Структура базы данных (check_mysql_table_structure): Ok
12% done
2020-Dec-04 21:58:14 Структура базы данных (check_mysql_table_structure): Ok
16% done
2020-Dec-04 21:58:27 Структура базы данных (check_mysql_table_structure): Ok
20% done
2020-Dec-04 21:58:57 Структура базы данных (check_mysql_table_structure): Ok
24% done
2020-Dec-04 21:58:59 Структура базы данных (check_mysql_table_structure): Ok
28% done
2020-Dec-04 21:59:16 Структура базы данных (check_mysql_table_structure): Ok
32% done
2020-Dec-04 21:59:39 Структура базы данных (check_mysql_table_structure): Ok
36% done
